mode: set
github.com/Chocolate529/BedAndBreakfastWebApp/internal/handlers/handlers.go:22.47,26.2 1 1
github.com/Chocolate529/BedAndBreakfastWebApp/internal/handlers/handlers.go:29.33,31.2 1 1
github.com/Chocolate529/BedAndBreakfastWebApp/internal/handlers/handlers.go:35.67,42.2 3 1
github.com/Chocolate529/BedAndBreakfastWebApp/internal/handlers/handlers.go:44.68,55.2 5 1
github.com/Chocolate529/BedAndBreakfastWebApp/internal/handlers/handlers.go:57.78,66.2 4 1
github.com/Chocolate529/BedAndBreakfastWebApp/internal/handlers/handlers.go:69.82,71.16 2 1
github.com/Chocolate529/BedAndBreakfastWebApp/internal/handlers/handlers.go:71.16,73.3 1 0
github.com/Chocolate529/BedAndBreakfastWebApp/internal/handlers/handlers.go:75.2,89.19 6 1
github.com/Chocolate529/BedAndBreakfastWebApp/internal/handlers/handlers.go:89.19,98.3 4 0
github.com/Chocolate529/BedAndBreakfastWebApp/internal/handlers/handlers.go:100.2,103.66 2 1
github.com/Chocolate529/BedAndBreakfastWebApp/internal/handlers/handlers.go:106.68,108.2 1 1
github.com/Chocolate529/BedAndBreakfastWebApp/internal/handlers/handlers.go:109.68,112.2 1 1
github.com/Chocolate529/BedAndBreakfastWebApp/internal/handlers/handlers.go:114.75,117.2 1 1
github.com/Chocolate529/BedAndBreakfastWebApp/internal/handlers/handlers.go:120.79,126.2 3 1
github.com/Chocolate529/BedAndBreakfastWebApp/internal/handlers/handlers.go:134.79,140.16 3 1
github.com/Chocolate529/BedAndBreakfastWebApp/internal/handlers/handlers.go:140.16,142.3 1 0
github.com/Chocolate529/BedAndBreakfastWebApp/internal/handlers/handlers.go:144.2,146.14 3 1
github.com/Chocolate529/BedAndBreakfastWebApp/internal/handlers/handlers.go:149.70,151.2 1 1
github.com/Chocolate529/BedAndBreakfastWebApp/internal/handlers/handlers.go:153.81,155.9 2 1
github.com/Chocolate529/BedAndBreakfastWebApp/internal/handlers/handlers.go:155.9,159.3 3 1
github.com/Chocolate529/BedAndBreakfastWebApp/internal/handlers/handlers.go:161.2,170.4 5 0
